Flow report for alu
Wed Jan 24 11:30:08 2018
Quartus II 64-Bit Version 14.0.0 Build 200 06/17/2014 SJ Web Edition


---------------------
; Table of Contents ;
---------------------
  1. Legal Notice
  2. Flow Summary
  3. Flow Settings
  4. Flow Non-Default Global Settings
  5. Flow Elapsed Time
  6. Flow OS Summary
  7. Flow Log
  8. Flow Messages
  9. Flow Suppressed Messages



----------------
; Legal Notice ;
----------------
Copyright (C) 1991-2014 Altera Corporation. All rights reserved.
Your use of Altera Corporation's design tools, logic functions 
and other software and tools, and its AMPP partner logic 
functions, and any output files from any of the foregoing 
(including device programming or simulation files), and any 
associated documentation or information are expressly subject 
to the terms and conditions of the Altera Program License 
Subscription Agreement, the Altera Quartus II License Agreement,
the Altera MegaCore Function License Agreement, or other 
applicable license agreement, including, without limitation, 
that your use is for the sole purpose of programming logic 
devices manufactured by Altera and sold by Altera or its 
authorized distributors.  Please refer to the applicable 
agreement for further details.



+------------------------------------------------------------------------+
; Flow Summary                                                           ;
+---------------------------+--------------------------------------------+
; Flow Status               ; Successful - Wed Jan 24 11:30:08 2018      ;
; Quartus II 64-Bit Version ; 14.0.0 Build 200 06/17/2014 SJ Web Edition ;
; Revision Name             ; alu                                        ;
; Top-level Entity Name     ; alu                                        ;
; Family                    ; MAX II                                     ;
; Device                    ; EPM240T100C5                               ;
; Timing Models             ; Final                                      ;
; Total logic elements      ; 28 / 240 ( 12 % )                          ;
; Total pins                ; 39 / 80 ( 49 % )                           ;
; Total virtual pins        ; 0                                          ;
; UFM blocks                ; 0 / 1 ( 0 % )                              ;
+---------------------------+--------------------------------------------+


+-----------------------------------------+
; Flow Settings                           ;
+-------------------+---------------------+
; Option            ; Setting             ;
+-------------------+---------------------+
; Start date & time ; 01/21/2018 10:53:00 ;
; Main task         ; Compilation         ;
; Revision Name     ; alu                 ;
+-------------------+---------------------+


+------------------------------------------------------------------------------------------------------------------------+
; Flow Non-Default Global Settings                                                                                       ;
+---------------------------------------+---------------------------------+---------------+-------------+----------------+
; Assignment Name                       ; Value                           ; Default Value ; Entity Name ; Section Id     ;
+---------------------------------------+---------------------------------+---------------+-------------+----------------+
; COMPILER_SIGNATURE_ID                 ; 110461101083319.151652838001144 ; --            ; --          ; --             ;
; EDA_OUTPUT_DATA_FORMAT                ; Vhdl                            ; --            ; --          ; eda_simulation ;
; EDA_SIMULATION_TOOL                   ; ModelSim-Altera (VHDL)          ; <None>        ; --          ; --             ;
; MAX_CORE_JUNCTION_TEMP                ; 85                              ; --            ; --          ; --             ;
; MIN_CORE_JUNCTION_TEMP                ; 0                               ; --            ; --          ; --             ;
; POWER_EXT_SUPPLY_VOLTAGE_TO_REGULATOR ; 3.3V                            ; --            ; --          ; --             ;
; PROJECT_OUTPUT_DIRECTORY              ; output_files                    ; --            ; --          ; --             ;
+---------------------------------------+---------------------------------+---------------+-------------+----------------+


+-------------------------------------------------------------------------------------------------------------------------------+
; Flow Elapsed Time                                                                                                             ;
+---------------------------+--------------+-------------------------+---------------------+------------------------------------+
; Module Name               ; Elapsed Time ; Average Processors Used ; Peak Virtual Memory ; Total CPU Time (on all processors) ;
+---------------------------+--------------+-------------------------+---------------------+------------------------------------+
; Analysis & Synthesis      ; 00:00:01     ; 1.0                     ; 626 MB              ; 00:00:01                           ;
; Fitter                    ; 00:00:02     ; 1.0                     ; 987 MB              ; 00:00:02                           ;
; Assembler                 ; 00:00:01     ; 1.0                     ; 535 MB              ; 00:00:01                           ;
; TimeQuest Timing Analyzer ; 00:00:02     ; 1.0                     ; 535 MB              ; 00:00:01                           ;
; EDA Netlist Writer        ; 00:00:01     ; 1.0                     ; 481 MB              ; 00:00:01                           ;
; EDA Netlist Writer        ; 00:00:01     ; 1.0                     ; 493 MB              ; 00:00:01                           ;
; EDA Netlist Writer        ; 00:00:01     ; 1.0                     ; 493 MB              ; 00:00:01                           ;
; EDA Netlist Writer        ; 00:00:01     ; 1.0                     ; 493 MB              ; 00:00:01                           ;
; EDA Netlist Writer        ; 00:00:01     ; 1.0                     ; 493 MB              ; 00:00:01                           ;
; EDA Netlist Writer        ; 00:00:02     ; 1.0                     ; 493 MB              ; 00:00:02                           ;
; EDA Netlist Writer        ; 00:00:01     ; 1.0                     ; 493 MB              ; 00:00:01                           ;
; Total                     ; 00:00:14     ; --                      ; --                  ; 00:00:13                           ;
+---------------------------+--------------+-------------------------+---------------------+------------------------------------+


+----------------------------------------------------------------------------------------+
; Flow OS Summary                                                                        ;
+---------------------------+------------------+-----------+------------+----------------+
; Module Name               ; Machine Hostname ; OS Name   ; OS Version ; Processor type ;
+---------------------------+------------------+-----------+------------+----------------+
; Analysis & Synthesis      ; DESKTOP-TTEMKHP  ; Windows 7 ; 6.2        ; x86_64         ;
; Fitter                    ; DESKTOP-TTEMKHP  ; Windows 7 ; 6.2        ; x86_64         ;
; Assembler                 ; DESKTOP-TTEMKHP  ; Windows 7 ; 6.2        ; x86_64         ;
; TimeQuest Timing Analyzer ; DESKTOP-TTEMKHP  ; Windows 7 ; 6.2        ; x86_64         ;
; EDA Netlist Writer        ; DESKTOP-TTEMKHP  ; Windows 7 ; 6.2        ; x86_64         ;
; EDA Netlist Writer        ; DESKTOP-TTEMKHP  ; Windows 7 ; 6.2        ; x86_64         ;
; EDA Netlist Writer        ; DESKTOP-TTEMKHP  ; Windows 7 ; 6.2        ; x86_64         ;
; EDA Netlist Writer        ; DESKTOP-TTEMKHP  ; Windows 7 ; 6.2        ; x86_64         ;
; EDA Netlist Writer        ; DESKTOP-TTEMKHP  ; Windows 7 ; 6.2        ; x86_64         ;
; EDA Netlist Writer        ; DESKTOP-TTEMKHP  ; Windows 7 ; 6.2        ; x86_64         ;
; EDA Netlist Writer        ; DESKTOP-TTEMKHP  ; Windows 7 ; 6.2        ; x86_64         ;
+---------------------------+------------------+-----------+------------+----------------+


------------
; Flow Log ;
------------
quartus_map --read_settings_files=on --write_settings_files=off alu -c alu
quartus_fit --read_settings_files=off --write_settings_files=off alu -c alu
quartus_asm --read_settings_files=off --write_settings_files=off alu -c alu
quartus_sta alu -c alu
quartus_eda --read_settings_files=off --write_settings_files=off alu -c alu
quartus_eda --gen_testbench --check_outputs=on --tool=modelsim_oem --format=verilog alu -c alu --vector_source=C:/altera/14.0/alu/alu.vwf --testbench_file=C:/altera/14.0/alu/simulation/qsim/alu.vwf.vt
quartus_eda --functional=on --flatten_buses=off --simulation=on --tool=modelsim_oem --format=verilog --output_directory=C:/altera/14.0/alu/simulation/qsim/ alu -c alu
quartus_eda --gen_testbench --check_outputs=on --tool=modelsim_oem --format=verilog alu -c alu --vector_source=C:/altera/14.0/alu/alu.vwf --testbench_file=C:/altera/14.0/alu/simulation/qsim/alu.vwf.vt
quartus_eda --functional=on --flatten_buses=off --simulation=on --tool=modelsim_oem --format=verilog --output_directory=C:/altera/14.0/alu/simulation/qsim/ alu -c alu
quartus_eda --gen_testbench --check_outputs=on --tool=modelsim_oem --format=verilog alu -c alu --vector_source=C:/altera/14.0/alu/simulation/qsim/work/alu/alu.vwf --testbench_file=C:/altera/14.0/alu/simulation/qsim/alu.vwf.vt
quartus_eda --functional=on --flatten_buses=off --simulation=on --tool=modelsim_oem --format=verilog --output_directory=C:/altera/14.0/alu/simulation/qsim/ alu -c alu



